0 verbose cli /opt/homebrew/Cellar/node@20/20.19.6/bin/node /opt/homebrew/bin/npm
1 info using npm@10.8.2
2 info using node@v20.19.6
3 silly config load:file:/opt/homebrew/Cellar/node@20/20.19.6/lib/node_modules/npm/npmrc
4 silly config load:file:/Users/benjaminmackenzie/Dev/rave/prototype/.npmrc
5 silly config load:file:/Users/benjaminmackenzie/.npmrc
6 silly config load:file:/opt/homebrew/etc/npmrc
7 verbose title npm install lucide-react@latest
8 verbose argv "install" "lucide-react@latest"
9 verbose logfile logs-max:10 dir:/Users/benjaminmackenzie/Dev/rave/prototype/.npm-cache/_logs/2026-01-16T23_42_11_340Z-
10 verbose logfile /Users/benjaminmackenzie/Dev/rave/prototype/.npm-cache/_logs/2026-01-16T23_42_11_340Z-debug-0.log
11 silly packumentCache heap:4345298944 maxSize:1086324736 maxEntrySize:543162368
12 silly logfile done cleaning log files
13 silly packumentCache corgi:https://registry.npmjs.org/lucide-react cache-miss
14 verbose shrinkwrap failed to load node_modules/.package-lock.json out of date, updated: node_modules
15 http fetch GET 200 https://registry.npmjs.org/lucide-react 355ms (cache miss)
16 silly packumentCache corgi:https://registry.npmjs.org/lucide-react set size:undefined disposed:false
17 silly idealTree buildDeps
18 silly fetch manifest lucide-react@0.562.0
19 silly packumentCache full:https://registry.npmjs.org/lucide-react cache-miss
20 http fetch GET 200 https://registry.npmjs.org/lucide-react 204ms (cache miss)
21 silly packumentCache full:https://registry.npmjs.org/lucide-react set size:undefined disposed:false
22 silly fetch manifest react@^18.2.0
23 silly packumentCache full:https://registry.npmjs.org/react cache-miss
24 http fetch GET 200 https://registry.npmjs.org/react 331ms (cache miss)
25 silly packumentCache full:https://registry.npmjs.org/react set size:undefined disposed:false
26 silly placeDep ROOT lucide-react@0.562.0 REPLACE for: rave-ui-prototype@0.1.0 want: 0.562.0
27 silly reify mark retired [
27 silly reify   '/Users/benjaminmackenzie/Dev/rave/prototype/node_modules/lucide-react'
27 silly reify ]
28 silly reify moves {
28 silly reify   '/Users/benjaminmackenzie/Dev/rave/prototype/node_modules/lucide-react': '/Users/benjaminmackenzie/Dev/rave/prototype/node_modules/.lucide-react-wXLIRciT'
28 silly reify }
29 silly audit bulk request {
29 silly audit   '@alloc/quick-lru': [ '5.2.0' ],
29 silly audit   '@babel/code-frame': [ '7.28.6' ],
29 silly audit   '@babel/compat-data': [ '7.28.6' ],
29 silly audit   '@babel/core': [ '7.28.6' ],
29 silly audit   '@babel/generator': [ '7.28.6' ],
29 silly audit   '@babel/helper-compilation-targets': [ '7.28.6' ],
29 silly audit   '@babel/helper-globals': [ '7.28.0' ],
29 silly audit   '@babel/helper-module-imports': [ '7.28.6' ],
29 silly audit   '@babel/helper-module-transforms': [ '7.28.6' ],
29 silly audit   '@babel/helper-plugin-utils': [ '7.28.6' ],
29 silly audit   '@babel/helper-string-parser': [ '7.27.1' ],
29 silly audit   '@babel/helper-validator-identifier': [ '7.28.5' ],
29 silly audit   '@babel/helper-validator-option': [ '7.27.1' ],
29 silly audit   '@babel/helpers': [ '7.28.6' ],
29 silly audit   '@babel/parser': [ '7.28.6' ],
29 silly audit   '@babel/plugin-transform-react-jsx-self': [ '7.27.1' ],
29 silly audit   '@babel/plugin-transform-react-jsx-source': [ '7.27.1' ],
29 silly audit   '@babel/template': [ '7.28.6' ],
29 silly audit   '@babel/traverse': [ '7.28.6' ],
29 silly audit   '@babel/types': [ '7.28.6' ],
29 silly audit   '@esbuild/aix-ppc64': [ '0.21.5' ],
29 silly audit   '@esbuild/android-arm': [ '0.21.5' ],
29 silly audit   '@esbuild/android-arm64': [ '0.21.5' ],
29 silly audit   '@esbuild/android-x64': [ '0.21.5' ],
29 silly audit   '@esbuild/darwin-arm64': [ '0.21.5' ],
29 silly audit   '@esbuild/darwin-x64': [ '0.21.5' ],
29 silly audit   '@esbuild/freebsd-arm64': [ '0.21.5' ],
29 silly audit   '@esbuild/freebsd-x64': [ '0.21.5' ],
29 silly audit   '@esbuild/linux-arm': [ '0.21.5' ],
29 silly audit   '@esbuild/linux-arm64': [ '0.21.5' ],
29 silly audit   '@esbuild/linux-ia32': [ '0.21.5' ],
29 silly audit   '@esbuild/linux-loong64': [ '0.21.5' ],
29 silly audit   '@esbuild/linux-mips64el': [ '0.21.5' ],
29 silly audit   '@esbuild/linux-ppc64': [ '0.21.5' ],
29 silly audit   '@esbuild/linux-riscv64': [ '0.21.5' ],
29 silly audit   '@esbuild/linux-s390x': [ '0.21.5' ],
29 silly audit   '@esbuild/linux-x64': [ '0.21.5' ],
29 silly audit   '@esbuild/netbsd-x64': [ '0.21.5' ],
29 silly audit   '@esbuild/openbsd-x64': [ '0.21.5' ],
29 silly audit   '@esbuild/sunos-x64': [ '0.21.5' ],
29 silly audit   '@esbuild/win32-arm64': [ '0.21.5' ],
29 silly audit   '@esbuild/win32-ia32': [ '0.21.5' ],
29 silly audit   '@esbuild/win32-x64': [ '0.21.5' ],
29 silly audit   '@jridgewell/gen-mapping': [ '0.3.13' ],
29 silly audit   '@jridgewell/remapping': [ '2.3.5' ],
29 silly audit   '@jridgewell/resolve-uri': [ '3.1.2' ],
29 silly audit   '@jridgewell/sourcemap-codec': [ '1.5.5' ],
29 silly audit   '@jridgewell/trace-mapping': [ '0.3.31' ],
29 silly audit   '@nodelib/fs.scandir': [ '2.1.5' ],
29 silly audit   '@nodelib/fs.stat': [ '2.0.5' ],
29 silly audit   '@nodelib/fs.walk': [ '1.2.8' ],
29 silly audit   '@rolldown/pluginutils': [ '1.0.0-beta.27' ],
29 silly audit   '@rollup/rollup-android-arm-eabi': [ '4.55.1' ],
29 silly audit   '@rollup/rollup-android-arm64': [ '4.55.1' ],
29 silly audit   '@rollup/rollup-darwin-arm64': [ '4.55.1' ],
29 silly audit   '@rollup/rollup-darwin-x64': [ '4.55.1' ],
29 silly audit   '@rollup/rollup-freebsd-arm64': [ '4.55.1' ],
29 silly audit   '@rollup/rollup-freebsd-x64': [ '4.55.1' ],
29 silly audit   '@rollup/rollup-linux-arm-gnueabihf': [ '4.55.1' ],
29 silly audit   '@rollup/rollup-linux-arm-musleabihf': [ '4.55.1' ],
29 silly audit   '@rollup/rollup-linux-arm64-gnu': [ '4.55.1' ],
29 silly audit   '@rollup/rollup-linux-arm64-musl': [ '4.55.1' ],
29 silly audit   '@rollup/rollup-linux-loong64-gnu': [ '4.55.1' ],
29 silly audit   '@rollup/rollup-linux-loong64-musl': [ '4.55.1' ],
29 silly audit   '@rollup/rollup-linux-ppc64-gnu': [ '4.55.1' ],
29 silly audit   '@rollup/rollup-linux-ppc64-musl': [ '4.55.1' ],
29 silly audit   '@rollup/rollup-linux-riscv64-gnu': [ '4.55.1' ],
29 silly audit   '@rollup/rollup-linux-riscv64-musl': [ '4.55.1' ],
29 silly audit   '@rollup/rollup-linux-s390x-gnu': [ '4.55.1' ],
29 silly audit   '@rollup/rollup-linux-x64-gnu': [ '4.55.1' ],
29 silly audit   '@rollup/rollup-linux-x64-musl': [ '4.55.1' ],
29 silly audit   '@rollup/rollup-openbsd-x64': [ '4.55.1' ],
29 silly audit   '@rollup/rollup-openharmony-arm64': [ '4.55.1' ],
29 silly audit   '@rollup/rollup-win32-arm64-msvc': [ '4.55.1' ],
29 silly audit   '@rollup/rollup-win32-ia32-msvc': [ '4.55.1' ],
29 silly audit   '@rollup/rollup-win32-x64-gnu': [ '4.55.1' ],
29 silly audit   '@rollup/rollup-win32-x64-msvc': [ '4.55.1' ],
29 silly audit   '@types/babel__core': [ '7.20.5' ],
29 silly audit   '@types/babel__generator': [ '7.27.0' ],
29 silly audit   '@types/babel__template': [ '7.4.4' ],
29 silly audit   '@types/babel__traverse': [ '7.28.0' ],
29 silly audit   '@types/estree': [ '1.0.8' ],
29 silly audit   '@types/prop-types': [ '15.7.15' ],
29 silly audit   '@types/react': [ '18.3.27' ],
29 silly audit   '@types/react-dom': [ '18.3.7' ],
29 silly audit   '@vitejs/plugin-react': [ '4.7.0' ],
29 silly audit   'any-promise': [ '1.3.0' ],
29 silly audit   anymatch: [ '3.1.3' ],
29 silly audit   arg: [ '5.0.2' ],
29 silly audit   autoprefixer: [ '10.4.23' ],
29 silly audit   'baseline-browser-mapping': [ '2.9.14' ],
29 silly audit   'binary-extensions': [ '2.3.0' ],
29 silly audit   braces: [ '3.0.3' ],
29 silly audit   browserslist: [ '4.28.1' ],
29 silly audit   'camelcase-css': [ '2.0.1' ],
29 silly audit   'caniuse-lite': [ '1.0.30001764' ],
29 silly audit   chokidar: [ '3.6.0' ],
29 silly audit   'glob-parent': [ '5.1.2', '6.0.2' ],
29 silly audit   commander: [ '4.1.1' ],
29 silly audit   'convert-source-map': [ '2.0.0' ],
29 silly audit   cssesc: [ '3.0.0' ],
29 silly audit   csstype: [ '3.2.3' ],
29 silly audit   debug: [ '4.4.3' ],
29 silly audit   didyoumean: [ '1.2.2' ],
29 silly audit   dlv: [ '1.1.3' ],
29 silly audit   'electron-to-chromium': [ '1.5.267' ],
29 silly audit   esbuild: [ '0.21.5' ],
29 silly audit   escalade: [ '3.2.0' ],
29 silly audit   'fast-glob': [ '3.3.3' ],
29 silly audit   fastq: [ '1.20.1' ],
29 silly audit   'fill-range': [ '7.1.1' ],
29 silly audit   'fraction.js': [ '5.3.4' ],
29 silly audit   fsevents: [ '2.3.3' ],
29 silly audit   'function-bind': [ '1.1.2' ],
29 silly audit   gensync: [ '1.0.0-beta.2' ],
29 silly audit   hasown: [ '2.0.2' ],
29 silly audit   'is-binary-path': [ '2.1.0' ],
29 silly audit   'is-core-module': [ '2.16.1' ],
29 silly audit   'is-extglob': [ '2.1.1' ],
29 silly audit   'is-glob': [ '4.0.3' ],
29 silly audit   'is-number': [ '7.0.0' ],
29 silly audit   jiti: [ '1.21.7' ],
29 silly audit   'js-tokens': [ '4.0.0' ],
29 silly audit   jsesc: [ '3.1.0' ],
29 silly audit   json5: [ '2.2.3' ],
29 silly audit   lilconfig: [ '3.1.3' ],
29 silly audit   'lines-and-columns': [ '1.2.4' ],
29 silly audit   'loose-envify': [ '1.4.0' ],
29 silly audit   'lru-cache': [ '5.1.1' ],
29 silly audit   merge2: [ '1.4.1' ],
29 silly audit   micromatch: [ '4.0.8' ],
29 silly audit   ms: [ '2.1.3' ],
29 silly audit   mz: [ '2.7.0' ],
29 silly audit   nanoid: [ '3.3.11' ],
29 silly audit   'node-releases': [ '2.0.27' ],
29 silly audit   'normalize-path': [ '3.0.0' ],
29 silly audit   'object-assign': [ '4.1.1' ],
29 silly audit   'object-hash': [ '3.0.0' ],
29 silly audit   'path-parse': [ '1.0.7' ],
29 silly audit   picocolors: [ '1.1.1' ],
29 silly audit   picomatch: [ '2.3.1', '4.0.3' ],
29 silly audit   pify: [ '2.3.0' ],
29 silly audit   pirates: [ '4.0.7' ],
29 silly audit   postcss: [ '8.5.6' ],
29 silly audit   'postcss-import': [ '15.1.0' ],
29 silly audit   'postcss-js': [ '4.1.0' ],
29 silly audit   'postcss-load-config': [ '6.0.1' ],
29 silly audit   'postcss-nested': [ '6.2.0' ],
29 silly audit   'postcss-selector-parser': [ '6.1.2' ],
29 silly audit   'postcss-value-parser': [ '4.2.0' ],
29 silly audit   'queue-microtask': [ '1.2.3' ],
29 silly audit   react: [ '18.3.1' ],
29 silly audit   'react-dom': [ '18.3.1' ],
29 silly audit   'react-refresh': [ '0.17.0' ],
29 silly audit   'read-cache': [ '1.0.0' ],
29 silly audit   readdirp: [ '3.6.0' ],
29 silly audit   resolve: [ '1.22.11' ],
29 silly audit   reusify: [ '1.1.0' ],
29 silly audit   rollup: [ '4.55.1' ],
29 silly audit   'run-parallel': [ '1.2.0' ],
29 silly audit   scheduler: [ '0.23.2' ],
29 silly audit   semver: [ '6.3.1' ],
29 silly audit   'source-map-js': [ '1.2.1' ],
29 silly audit   sucrase: [ '3.35.1' ],
29 silly audit   'supports-preserve-symlinks-flag': [ '1.0.0' ],
29 silly audit   tailwindcss: [ '3.4.19' ],
29 silly audit   thenify: [ '3.3.1' ],
29 silly audit   'thenify-all': [ '1.6.0' ],
29 silly audit   tinyglobby: [ '0.2.15' ],
29 silly audit   fdir: [ '6.5.0' ],
29 silly audit   'to-regex-range': [ '5.0.1' ],
29 silly audit   'ts-interface-checker': [ '0.1.13' ],
29 silly audit   typescript: [ '5.9.3' ],
29 silly audit   'update-browserslist-db': [ '1.2.3' ],
29 silly audit   'util-deprecate': [ '1.0.2' ],
29 silly audit   vite: [ '5.4.21' ],
29 silly audit   yallist: [ '3.1.1' ],
29 silly audit   'lucide-react': [ '0.562.0' ]
29 silly audit }
30 verbose reify failed optional dependency /Users/benjaminmackenzie/Dev/rave/prototype/node_modules/@rollup/rollup-win32-x64-msvc
31 silly reify mark deleted [
31 silly reify   '/Users/benjaminmackenzie/Dev/rave/prototype/node_modules/@rollup/rollup-win32-x64-msvc'
31 silly reify ]
32 verbose reify failed optional dependency /Users/benjaminmackenzie/Dev/rave/prototype/node_modules/@rollup/rollup-win32-x64-gnu
33 silly reify mark deleted [
33 silly reify   '/Users/benjaminmackenzie/Dev/rave/prototype/node_modules/@rollup/rollup-win32-x64-gnu'
33 silly reify ]
34 verbose reify failed optional dependency /Users/benjaminmackenzie/Dev/rave/prototype/node_modules/@rollup/rollup-win32-ia32-msvc
35 silly reify mark deleted [
35 silly reify   '/Users/benjaminmackenzie/Dev/rave/prototype/node_modules/@rollup/rollup-win32-ia32-msvc'
35 silly reify ]
36 verbose reify failed optional dependency /Users/benjaminmackenzie/Dev/rave/prototype/node_modules/@rollup/rollup-win32-arm64-msvc
37 silly reify mark deleted [
37 silly reify   '/Users/benjaminmackenzie/Dev/rave/prototype/node_modules/@rollup/rollup-win32-arm64-msvc'
37 silly reify ]
38 verbose reify failed optional dependency /Users/benjaminmackenzie/Dev/rave/prototype/node_modules/@rollup/rollup-openharmony-arm64
39 silly reify mark deleted [
39 silly reify   '/Users/benjaminmackenzie/Dev/rave/prototype/node_modules/@rollup/rollup-openharmony-arm64'
39 silly reify ]
40 verbose reify failed optional dependency /Users/benjaminmackenzie/Dev/rave/prototype/node_modules/@rollup/rollup-openbsd-x64
41 silly reify mark deleted [
41 silly reify   '/Users/benjaminmackenzie/Dev/rave/prototype/node_modules/@rollup/rollup-openbsd-x64'
41 silly reify ]
42 verbose reify failed optional dependency /Users/benjaminmackenzie/Dev/rave/prototype/node_modules/@rollup/rollup-linux-x64-musl
43 silly reify mark deleted [
43 silly reify   '/Users/benjaminmackenzie/Dev/rave/prototype/node_modules/@rollup/rollup-linux-x64-musl'
43 silly reify ]
44 verbose reify failed optional dependency /Users/benjaminmackenzie/Dev/rave/prototype/node_modules/@rollup/rollup-linux-x64-gnu
45 silly reify mark deleted [
45 silly reify   '/Users/benjaminmackenzie/Dev/rave/prototype/node_modules/@rollup/rollup-linux-x64-gnu'
45 silly reify ]
46 verbose reify failed optional dependency /Users/benjaminmackenzie/Dev/rave/prototype/node_modules/@rollup/rollup-linux-s390x-gnu
47 silly reify mark deleted [
47 silly reify   '/Users/benjaminmackenzie/Dev/rave/prototype/node_modules/@rollup/rollup-linux-s390x-gnu'
47 silly reify ]
48 verbose reify failed optional dependency /Users/benjaminmackenzie/Dev/rave/prototype/node_modules/@rollup/rollup-linux-riscv64-musl
49 silly reify mark deleted [
49 silly reify   '/Users/benjaminmackenzie/Dev/rave/prototype/node_modules/@rollup/rollup-linux-riscv64-musl'
49 silly reify ]
50 verbose reify failed optional dependency /Users/benjaminmackenzie/Dev/rave/prototype/node_modules/@rollup/rollup-linux-riscv64-gnu
51 silly reify mark deleted [
51 silly reify   '/Users/benjaminmackenzie/Dev/rave/prototype/node_modules/@rollup/rollup-linux-riscv64-gnu'
51 silly reify ]
52 verbose reify failed optional dependency /Users/benjaminmackenzie/Dev/rave/prototype/node_modules/@rollup/rollup-linux-ppc64-musl
53 silly reify mark deleted [
53 silly reify   '/Users/benjaminmackenzie/Dev/rave/prototype/node_modules/@rollup/rollup-linux-ppc64-musl'
53 silly reify ]
54 verbose reify failed optional dependency /Users/benjaminmackenzie/Dev/rave/prototype/node_modules/@rollup/rollup-linux-ppc64-gnu
55 silly reify mark deleted [
55 silly reify   '/Users/benjaminmackenzie/Dev/rave/prototype/node_modules/@rollup/rollup-linux-ppc64-gnu'
55 silly reify ]
56 verbose reify failed optional dependency /Users/benjaminmackenzie/Dev/rave/prototype/node_modules/@rollup/rollup-linux-loong64-musl
57 silly reify mark deleted [
57 silly reify   '/Users/benjaminmackenzie/Dev/rave/prototype/node_modules/@rollup/rollup-linux-loong64-musl'
57 silly reify ]
58 verbose reify failed optional dependency /Users/benjaminmackenzie/Dev/rave/prototype/node_modules/@rollup/rollup-linux-loong64-gnu
59 silly reify mark deleted [
59 silly reify   '/Users/benjaminmackenzie/Dev/rave/prototype/node_modules/@rollup/rollup-linux-loong64-gnu'
59 silly reify ]
60 verbose reify failed optional dependency /Users/benjaminmackenzie/Dev/rave/prototype/node_modules/@rollup/rollup-linux-arm64-musl
61 silly reify mark deleted [
61 silly reify   '/Users/benjaminmackenzie/Dev/rave/prototype/node_modules/@rollup/rollup-linux-arm64-musl'
61 silly reify ]
62 verbose reify failed optional dependency /Users/benjaminmackenzie/Dev/rave/prototype/node_modules/@rollup/rollup-linux-arm64-gnu
63 silly reify mark deleted [
63 silly reify   '/Users/benjaminmackenzie/Dev/rave/prototype/node_modules/@rollup/rollup-linux-arm64-gnu'
63 silly reify ]
64 verbose reify failed optional dependency /Users/benjaminmackenzie/Dev/rave/prototype/node_modules/@rollup/rollup-linux-arm-musleabihf
65 silly reify mark deleted [
65 silly reify   '/Users/benjaminmackenzie/Dev/rave/prototype/node_modules/@rollup/rollup-linux-arm-musleabihf'
65 silly reify ]
66 verbose reify failed optional dependency /Users/benjaminmackenzie/Dev/rave/prototype/node_modules/@rollup/rollup-linux-arm-gnueabihf
67 silly reify mark deleted [
67 silly reify   '/Users/benjaminmackenzie/Dev/rave/prototype/node_modules/@rollup/rollup-linux-arm-gnueabihf'
67 silly reify ]
68 verbose reify failed optional dependency /Users/benjaminmackenzie/Dev/rave/prototype/node_modules/@rollup/rollup-freebsd-x64
69 silly reify mark deleted [
69 silly reify   '/Users/benjaminmackenzie/Dev/rave/prototype/node_modules/@rollup/rollup-freebsd-x64'
69 silly reify ]
70 verbose reify failed optional dependency /Users/benjaminmackenzie/Dev/rave/prototype/node_modules/@rollup/rollup-freebsd-arm64
71 silly reify mark deleted [
71 silly reify   '/Users/benjaminmackenzie/Dev/rave/prototype/node_modules/@rollup/rollup-freebsd-arm64'
71 silly reify ]
72 verbose reify failed optional dependency /Users/benjaminmackenzie/Dev/rave/prototype/node_modules/@rollup/rollup-darwin-x64
73 silly reify mark deleted [
73 silly reify   '/Users/benjaminmackenzie/Dev/rave/prototype/node_modules/@rollup/rollup-darwin-x64'
73 silly reify ]
74 verbose reify failed optional dependency /Users/benjaminmackenzie/Dev/rave/prototype/node_modules/@rollup/rollup-android-arm64
75 silly reify mark deleted [
75 silly reify   '/Users/benjaminmackenzie/Dev/rave/prototype/node_modules/@rollup/rollup-android-arm64'
75 silly reify ]
76 verbose reify failed optional dependency /Users/benjaminmackenzie/Dev/rave/prototype/node_modules/@rollup/rollup-android-arm-eabi
77 silly reify mark deleted [
77 silly reify   '/Users/benjaminmackenzie/Dev/rave/prototype/node_modules/@rollup/rollup-android-arm-eabi'
77 silly reify ]
78 verbose reify failed optional dependency /Users/benjaminmackenzie/Dev/rave/prototype/node_modules/@esbuild/win32-x64
79 silly reify mark deleted [
79 silly reify   '/Users/benjaminmackenzie/Dev/rave/prototype/node_modules/@esbuild/win32-x64'
79 silly reify ]
80 verbose reify failed optional dependency /Users/benjaminmackenzie/Dev/rave/prototype/node_modules/@esbuild/win32-ia32
81 silly reify mark deleted [
81 silly reify   '/Users/benjaminmackenzie/Dev/rave/prototype/node_modules/@esbuild/win32-ia32'
81 silly reify ]
82 verbose reify failed optional dependency /Users/benjaminmackenzie/Dev/rave/prototype/node_modules/@esbuild/win32-arm64
83 silly reify mark deleted [
83 silly reify   '/Users/benjaminmackenzie/Dev/rave/prototype/node_modules/@esbuild/win32-arm64'
83 silly reify ]
84 verbose reify failed optional dependency /Users/benjaminmackenzie/Dev/rave/prototype/node_modules/@esbuild/sunos-x64
85 silly reify mark deleted [
85 silly reify   '/Users/benjaminmackenzie/Dev/rave/prototype/node_modules/@esbuild/sunos-x64'
85 silly reify ]
86 verbose reify failed optional dependency /Users/benjaminmackenzie/Dev/rave/prototype/node_modules/@esbuild/openbsd-x64
87 silly reify mark deleted [
87 silly reify   '/Users/benjaminmackenzie/Dev/rave/prototype/node_modules/@esbuild/openbsd-x64'
87 silly reify ]
88 verbose reify failed optional dependency /Users/benjaminmackenzie/Dev/rave/prototype/node_modules/@esbuild/netbsd-x64
89 silly reify mark deleted [
89 silly reify   '/Users/benjaminmackenzie/Dev/rave/prototype/node_modules/@esbuild/netbsd-x64'
89 silly reify ]
90 verbose reify failed optional dependency /Users/benjaminmackenzie/Dev/rave/prototype/node_modules/@esbuild/linux-x64
91 silly reify mark deleted [
91 silly reify   '/Users/benjaminmackenzie/Dev/rave/prototype/node_modules/@esbuild/linux-x64'
91 silly reify ]
92 verbose reify failed optional dependency /Users/benjaminmackenzie/Dev/rave/prototype/node_modules/@esbuild/linux-s390x
93 silly reify mark deleted [
93 silly reify   '/Users/benjaminmackenzie/Dev/rave/prototype/node_modules/@esbuild/linux-s390x'
93 silly reify ]
94 verbose reify failed optional dependency /Users/benjaminmackenzie/Dev/rave/prototype/node_modules/@esbuild/linux-riscv64
95 silly reify mark deleted [
95 silly reify   '/Users/benjaminmackenzie/Dev/rave/prototype/node_modules/@esbuild/linux-riscv64'
95 silly reify ]
96 verbose reify failed optional dependency /Users/benjaminmackenzie/Dev/rave/prototype/node_modules/@esbuild/linux-ppc64
97 silly reify mark deleted [
97 silly reify   '/Users/benjaminmackenzie/Dev/rave/prototype/node_modules/@esbuild/linux-ppc64'
97 silly reify ]
98 verbose reify failed optional dependency /Users/benjaminmackenzie/Dev/rave/prototype/node_modules/@esbuild/linux-mips64el
99 silly reify mark deleted [
99 silly reify   '/Users/benjaminmackenzie/Dev/rave/prototype/node_modules/@esbuild/linux-mips64el'
99 silly reify ]
100 verbose reify failed optional dependency /Users/benjaminmackenzie/Dev/rave/prototype/node_modules/@esbuild/linux-loong64
101 silly reify mark deleted [
101 silly reify   '/Users/benjaminmackenzie/Dev/rave/prototype/node_modules/@esbuild/linux-loong64'
101 silly reify ]
102 verbose reify failed optional dependency /Users/benjaminmackenzie/Dev/rave/prototype/node_modules/@esbuild/linux-ia32
103 silly reify mark deleted [
103 silly reify   '/Users/benjaminmackenzie/Dev/rave/prototype/node_modules/@esbuild/linux-ia32'
103 silly reify ]
104 verbose reify failed optional dependency /Users/benjaminmackenzie/Dev/rave/prototype/node_modules/@esbuild/linux-arm64
105 silly reify mark deleted [
105 silly reify   '/Users/benjaminmackenzie/Dev/rave/prototype/node_modules/@esbuild/linux-arm64'
105 silly reify ]
106 verbose reify failed optional dependency /Users/benjaminmackenzie/Dev/rave/prototype/node_modules/@esbuild/linux-arm
107 silly reify mark deleted [
107 silly reify   '/Users/benjaminmackenzie/Dev/rave/prototype/node_modules/@esbuild/linux-arm'
107 silly reify ]
108 verbose reify failed optional dependency /Users/benjaminmackenzie/Dev/rave/prototype/node_modules/@esbuild/freebsd-x64
109 silly reify mark deleted [
109 silly reify   '/Users/benjaminmackenzie/Dev/rave/prototype/node_modules/@esbuild/freebsd-x64'
109 silly reify ]
110 verbose reify failed optional dependency /Users/benjaminmackenzie/Dev/rave/prototype/node_modules/@esbuild/freebsd-arm64
111 silly reify mark deleted [
111 silly reify   '/Users/benjaminmackenzie/Dev/rave/prototype/node_modules/@esbuild/freebsd-arm64'
111 silly reify ]
112 verbose reify failed optional dependency /Users/benjaminmackenzie/Dev/rave/prototype/node_modules/@esbuild/darwin-x64
113 silly reify mark deleted [
113 silly reify   '/Users/benjaminmackenzie/Dev/rave/prototype/node_modules/@esbuild/darwin-x64'
113 silly reify ]
114 verbose reify failed optional dependency /Users/benjaminmackenzie/Dev/rave/prototype/node_modules/@esbuild/android-x64
115 silly reify mark deleted [
115 silly reify   '/Users/benjaminmackenzie/Dev/rave/prototype/node_modules/@esbuild/android-x64'
115 silly reify ]
116 verbose reify failed optional dependency /Users/benjaminmackenzie/Dev/rave/prototype/node_modules/@esbuild/android-arm64
117 silly reify mark deleted [
117 silly reify   '/Users/benjaminmackenzie/Dev/rave/prototype/node_modules/@esbuild/android-arm64'
117 silly reify ]
118 verbose reify failed optional dependency /Users/benjaminmackenzie/Dev/rave/prototype/node_modules/@esbuild/android-arm
119 silly reify mark deleted [
119 silly reify   '/Users/benjaminmackenzie/Dev/rave/prototype/node_modules/@esbuild/android-arm'
119 silly reify ]
120 verbose reify failed optional dependency /Users/benjaminmackenzie/Dev/rave/prototype/node_modules/@esbuild/aix-ppc64
121 silly reify mark deleted [
121 silly reify   '/Users/benjaminmackenzie/Dev/rave/prototype/node_modules/@esbuild/aix-ppc64'
121 silly reify ]
122 silly tarball no local data for fsevents@https://registry.npmjs.org/fsevents/-/fsevents-2.3.3.tgz. Extracting by manifest.
123 silly tarball no local data for lucide-react@https://registry.npmjs.org/lucide-react/-/lucide-react-0.562.0.tgz. Extracting by manifest.
124 http fetch GET 200 https://registry.npmjs.org/fsevents/-/fsevents-2.3.3.tgz 233ms (cache miss)
125 http fetch POST 200 https://registry.npmjs.org/-/npm/v1/security/advisories/bulk 272ms
126 silly audit report {
126 silly audit report   esbuild: [
126 silly audit report     {
126 silly audit report       id: 1102341,
126 silly audit report       url: 'https://github.com/advisories/GHSA-67mh-4wv8-2f99',
126 silly audit report       title: 'esbuild enables any website to send any requests to the development server and read the response',
126 silly audit report       severity: 'moderate',
126 silly audit report       vulnerable_versions: '<=0.24.2',
126 silly audit report       cwe: [Array],
126 silly audit report       cvss: [Object]
126 silly audit report     }
126 silly audit report   ]
126 silly audit report }
127 silly packumentCache corgi:https://registry.npmjs.org/esbuild cache-miss
128 http fetch GET 200 https://registry.npmjs.org/esbuild 286ms (cache miss)
129 silly packumentCache corgi:https://registry.npmjs.org/esbuild set size:undefined disposed:false
130 silly packumentCache corgi:https://registry.npmjs.org/vite cache-miss
131 http fetch GET 200 https://registry.npmjs.org/lucide-react/-/lucide-react-0.562.0.tgz 614ms (cache miss)
132 http fetch GET 200 https://registry.npmjs.org/vite 241ms (cache miss)
133 silly packumentCache corgi:https://registry.npmjs.org/vite set size:undefined disposed:false
134 silly packumentCache corgi:https://registry.npmjs.org/@vitejs%2fplugin-react cache-miss
135 http fetch GET 200 https://registry.npmjs.org/@vitejs%2fplugin-react 129ms (cache miss)
136 silly packumentCache corgi:https://registry.npmjs.org/@vitejs%2fplugin-react set size:undefined disposed:false
137 silly ADD node_modules/fsevents
138 silly ADD
139 silly ADD
140 silly ADD
141 silly ADD
142 silly ADD
143 silly ADD
144 silly ADD
145 silly ADD
146 silly ADD
147 silly ADD
148 silly ADD
149 silly ADD
150 silly ADD
151 silly ADD
152 silly ADD
153 silly ADD
154 silly ADD
155 silly ADD
156 silly ADD
157 silly ADD
158 silly ADD
159 silly ADD
160 silly ADD
161 silly ADD
162 silly ADD
163 silly ADD
164 silly ADD
165 silly ADD
166 silly ADD
167 silly ADD
168 silly ADD
169 silly ADD
170 silly ADD
171 silly ADD
172 silly ADD
173 silly ADD
174 silly ADD
175 silly ADD
176 silly ADD
177 silly ADD
178 silly ADD
179 silly ADD
180 silly ADD
181 silly ADD
182 silly ADD
183 silly ADD
184 silly CHANGE node_modules/lucide-react
185 verbose cwd /Users/benjaminmackenzie/Dev/rave/prototype
186 verbose os Darwin 25.2.0
187 verbose node v20.19.6
188 verbose npm  v10.8.2
189 verbose exit 0
190 info ok
